#
# There is insufficient memory for the Java Runtime Environment to continue.
# Native memory allocation (malloc) failed to allocate 164816 bytes. Error detail: Chunk::new
# Possible reasons:
#   The system is out of physical RAM or swap space
#   This process is running with CompressedOops enabled, and the Java Heap may be blocking the growth of the native heap
# Possible solutions:
#   Reduce memory load on the system
#   Increase physical memory or swap space
#   Check if swap backing store is full
#   Decrease Java heap size (-Xmx/-Xms)
#   Decrease number of Java threads
#   Decrease Java thread stack sizes (-Xss)
#   Set larger code cache with -XX:ReservedCodeCacheSize=
#   JVM is running with Zero Based Compressed Oops mode in which the Java heap is
#     placed in the first 32GB address space. The Java Heap base address is the
#     maximum limit for the native heap growth. Please use -XX:HeapBaseMinAddress
#     to set the Java Heap base and to place the Java Heap above 32GB virtual address.
# This output file may be truncated or incomplete.
#
#  Out of Memory Error (arena.cpp:168), pid=9604, tid=2672
#
# JRE version: OpenJDK Runtime Environment Temurin-21.0.8+9 (21.0.8+9) (build 21.0.8+9-LTS)
# Java VM: OpenJDK 64-Bit Server VM Temurin-21.0.8+9 (21.0.8+9-LTS, mixed mode, sharing, tiered, compressed oops, compressed class ptrs, g1 gc, windows-amd64)
# No core dump will be written. Minidumps are not enabled by default on client versions of Windows
#

---------------  S U M M A R Y ------------

Command Line: -Dcom.sun.management.jmxremote -Dcom.sun.management.jmxremote.port=64596 -Dcom.sun.management.jmxremote.authenticate=false -Dcom.sun.management.jmxremote.ssl=false -Dspring.jmx.enabled=true -Djava.rmi.server.hostname=localhost -Dspring.application.admin.enabled=true -Dspring.boot.project.name=pet -XX:+ShowCodeDetailsInExceptionMessages com.pethistory.pet.PetApplication

Host: Intel(R) Core(TM) i7-9700 CPU @ 3.00GHz, 8 cores, 14G,  Windows 11 , 64 bit Build 26100 (10.0.26100.4768)
Time: Thu Sep  4 17:26:16 2025 Hora est. Pacífico, Sudamérica elapsed time: 193.176155 seconds (0d 0h 3m 13s)

---------------  T H R E A D  ---------------

Current thread (0x000001e7e89dce80):  JavaThread "C2 CompilerThread0" daemon [_thread_in_native, id=2672, stack(0x000000dfcee00000,0x000000dfcef00000) (1024K)]


Current CompileTask:
C2:193176 7180       4       java.util.AbstractCollection::containsAll (38 bytes)

Stack: [0x000000dfcee00000,0x000000dfcef00000]
Native frames: (J=compiled Java code, j=interpreted, Vv=VM code, C=native code)
V  [jvm.dll+0x6d2449]
V  [jvm.dll+0x8ae341]
V  [jvm.dll+0x8b08be]
V  [jvm.dll+0x8b0fa3]
V  [jvm.dll+0x280c96]
V  [jvm.dll+0xc581d]
V  [jvm.dll+0xc5d53]
V  [jvm.dll+0x3b9162]
V  [jvm.dll+0x1e1213]
V  [jvm.dll+0x249022]
V  [jvm.dll+0x2484af]
V  [jvm.dll+0x1c89ee]
V  [jvm.dll+0x257d4d]
V  [jvm.dll+0x2562ea]
V  [jvm.dll+0x3f2d16]
V  [jvm.dll+0x857e6b]
V  [jvm.dll+0x6d0b0d]
C  [ucrtbase.dll+0x37b0]
C  [KERNEL32.DLL+0x2e8d7]
C  [ntdll.dll+0x3c34c]


---------------  P R O C E S S  ---------------

Threads class SMR info:
_java_thread_list=0x000001e7e8ae7ab0, length=33, elements={
0x000001e7e8471060, 0x000001e7e8475ac0, 0x000001e7e847e540, 0x000001e7e89d01b0,
0x000001e7e89d0e60, 0x000001e7e89dbc70, 0x000001e7e89dce80, 0x000001e7e89e1550,
0x000001e7e8ae1610, 0x000001e7e8ae1ca0, 0x000001e7e8ae36e0, 0x000001e7e8ae2330,
0x000001e7e8ae29c0, 0x000001e7ef592100, 0x000001e7ef595c10, 0x000001e7ef593b40,
0x000001e7ef592e20, 0x000001e7ef594ef0, 0x000001e7ef599090, 0x000001e7ef5962a0,
0x000001e7ef599720, 0x000001e7ef596930, 0x000001e7ef596fc0, 0x000001e7ef598370,
0x000001e7f1fcadc0, 0x000001e7f1fcd520, 0x000001e7f1fcb450, 0x000001e7f1fcdbb0,
0x000001e7f1fcc170, 0x000001e7f1fca730, 0x000001e7f1fcbae0, 0x000001e7f1fcc800,
0x000001e7f1fcce90
}

Java Threads: ( => current thread )
  0x000001e7e8471060 JavaThread "Reference Handler"          daemon [_thread_blocked, id=29024, stack(0x000000dfce800000,0x000000dfce900000) (1024K)]
  0x000001e7e8475ac0 JavaThread "Finalizer"                  daemon [_thread_blocked, id=20956, stack(0x000000dfce900000,0x000000dfcea00000) (1024K)]
  0x000001e7e847e540 JavaThread "Signal Dispatcher"          daemon [_thread_blocked, id=16808, stack(0x000000dfcea00000,0x000000dfceb00000) (1024K)]
  0x000001e7e89d01b0 JavaThread "Attach Listener"            daemon [_thread_blocked, id=11000, stack(0x000000dfceb00000,0x000000dfcec00000) (1024K)]
  0x000001e7e89d0e60 JavaThread "Service Thread"             daemon [_thread_blocked, id=17632, stack(0x000000dfcec00000,0x000000dfced00000) (1024K)]
  0x000001e7e89dbc70 JavaThread "Monitor Deflation Thread"   daemon [_thread_blocked, id=7496, stack(0x000000dfced00000,0x000000dfcee00000) (1024K)]
=>0x000001e7e89dce80 JavaThread "C2 CompilerThread0"         daemon [_thread_in_native, id=2672, stack(0x000000dfcee00000,0x000000dfcef00000) (1024K)]
  0x000001e7e89e1550 JavaThread "C1 CompilerThread0"         daemon [_thread_blocked, id=24300, stack(0x000000dfcef00000,0x000000dfcf000000) (1024K)]
  0x000001e7e8ae1610 JavaThread "Common-Cleaner"             daemon [_thread_blocked, id=21684, stack(0x000000dfcf000000,0x000000dfcf100000) (1024K)]
  0x000001e7e8ae1ca0 JavaThread "Notification Thread"        daemon [_thread_blocked, id=23092, stack(0x000000dfcf100000,0x000000dfcf200000) (1024K)]
  0x000001e7e8ae36e0 JavaThread "RMI TCP Accept-0"           daemon [_thread_in_native, id=33868, stack(0x000000dfcf400000,0x000000dfcf500000) (1024K)]
  0x000001e7e8ae2330 JavaThread "RMI TCP Accept-64596"       daemon [_thread_in_native, id=17908, stack(0x000000dfcf500000,0x000000dfcf600000) (1024K)]
  0x000001e7e8ae29c0 JavaThread "RMI TCP Accept-0"           daemon [_thread_in_native, id=12728, stack(0x000000dfcf600000,0x000000dfcf700000) (1024K)]
  0x000001e7ef592100 JavaThread "Catalina-utility-1"                [_thread_blocked, id=27932, stack(0x000000dfd0000000,0x000000dfd0100000) (1024K)]
  0x000001e7ef595c10 JavaThread "Catalina-utility-2"                [_thread_blocked, id=9868, stack(0x000000dfd0200000,0x000000dfd0300000) (1024K)]
  0x000001e7ef593b40 JavaThread "container-0"                       [_thread_blocked, id=12724, stack(0x000000dfd0300000,0x000000dfd0400000) (1024K)]
  0x000001e7ef592e20 JavaThread "mysql-cj-abandoned-connection-cleanup" daemon [_thread_blocked, id=13532, stack(0x000000dfd0400000,0x000000dfd0500000) (1024K)]
  0x000001e7ef594ef0 JavaThread "HikariPool-1:housekeeper"   daemon [_thread_blocked, id=20828, stack(0x000000dfd0600000,0x000000dfd0700000) (1024K)]
  0x000001e7ef599090 JavaThread "File Watcher"               daemon [_thread_blocked, id=9872, stack(0x000000dfd0800000,0x000000dfd0900000) (1024K)]
  0x000001e7ef5962a0 JavaThread "Live Reload Server"         daemon [_thread_in_native, id=8824, stack(0x000000dfd0a00000,0x000000dfd0b00000) (1024K)]
  0x000001e7ef599720 JavaThread "http-nio-8080-exec-1"       daemon [_thread_blocked, id=2640, stack(0x000000dfd0900000,0x000000dfd0a00000) (1024K)]
  0x000001e7ef596930 JavaThread "http-nio-8080-exec-2"       daemon [_thread_blocked, id=22300, stack(0x000000dfd0b00000,0x000000dfd0c00000) (1024K)]
  0x000001e7ef596fc0 JavaThread "http-nio-8080-exec-3"       daemon [_thread_blocked, id=25736, stack(0x000000dfd0c00000,0x000000dfd0d00000) (1024K)]
  0x000001e7ef598370 JavaThread "http-nio-8080-exec-4"       daemon [_thread_blocked, id=31844, stack(0x000000dfd0d00000,0x000000dfd0e00000) (1024K)]
  0x000001e7f1fcadc0 JavaThread "http-nio-8080-exec-5"       daemon [_thread_blocked, id=19144, stack(0x000000dfd0e00000,0x000000dfd0f00000) (1024K)]
  0x000001e7f1fcd520 JavaThread "http-nio-8080-exec-6"       daemon [_thread_blocked, id=620, stack(0x000000dfd0f00000,0x000000dfd1000000) (1024K)]
  0x000001e7f1fcb450 JavaThread "http-nio-8080-exec-7"       daemon [_thread_blocked, id=25848, stack(0x000000dfd1000000,0x000000dfd1100000) (1024K)]
  0x000001e7f1fcdbb0 JavaThread "http-nio-8080-exec-8"       daemon [_thread_blocked, id=8480, stack(0x000000dfd1100000,0x000000dfd1200000) (1024K)]
  0x000001e7f1fcc170 JavaThread "http-nio-8080-exec-9"       daemon [_thread_blocked, id=11096, stack(0x000000dfd1200000,0x000000dfd1300000) (1024K)]
  0x000001e7f1fca730 JavaThread "http-nio-8080-exec-10"      daemon [_thread_blocked, id=26024, stack(0x000000dfd1300000,0x000000dfd1400000) (1024K)]
  0x000001e7f1fcbae0 JavaThread "http-nio-8080-Poller"       daemon [_thread_in_native, id=16572, stack(0x000000dfd1400000,0x000000dfd1500000) (1024K)]
  0x000001e7f1fcc800 JavaThread "http-nio-8080-Acceptor"     daemon [_thread_in_native, id=24256, stack(0x000000dfd1500000,0x000000dfd1600000) (1024K)]
  0x000001e7f1fcce90 JavaThread "DestroyJavaVM"                     [_thread_blocked, id=21432, stack(0x000000dfce000000,0x000000dfce100000) (1024K)]
Total: 33

Other Threads:
  0x000001e7e845a390 VMThread "VM Thread"                           [id=6532, stack(0x000000dfce700000,0x000000dfce800000) (1024K)]
  0x000001e7e843f850 WatcherThread "VM Periodic Task Thread"        [id=29512, stack(0x000000dfce600000,0x000000dfce700000) (1024K)]
  0x000001e7c9b403d0 WorkerThread "GC Thread#0"                     [id=4392, stack(0x000000dfce100000,0x000000dfce200000) (1024K)]
  0x000001e7edf90530 WorkerThread "GC Thread#1"                     [id=3228, stack(0x000000dfcf700000,0x000000dfcf800000) (1024K)]
  0x000001e7ed5e09f0 WorkerThread "GC Thread#2"                     [id=31432, stack(0x000000dfcf800000,0x000000dfcf900000) (1024K)]
  0x000001e7ed5e0d90 WorkerThread "GC Thread#3"                     [id=5508, stack(0x000000dfcf900000,0x000000dfcfa00000) (1024K)]
  0x000001e7ed63ea60 WorkerThread "GC Thread#4"                     [id=27780, stack(0x000000dfcfa00000,0x000000dfcfb00000) (1024K)]
  0x000001e7ed753cb0 WorkerThread "GC Thread#5"                     [id=7108, stack(0x000000dfcfb00000,0x000000dfcfc00000) (1024K)]
  0x000001e7ed6136a0 WorkerThread "GC Thread#6"                     [id=31020, stack(0x000000dfcfc00000,0x000000dfcfd00000) (1024K)]
  0x000001e7ed613a40 WorkerThread "GC Thread#7"                     [id=33024, stack(0x000000dfcfd00000,0x000000dfcfe00000) (1024K)]
  0x000001e7c9b50880 ConcurrentGCThread "G1 Main Marker"            [id=13792, stack(0x000000dfce200000,0x000000dfce300000) (1024K)]
  0x000001e7c9b52100 WorkerThread "G1 Conc#0"                       [id=11476, stack(0x000000dfce300000,0x000000dfce400000) (1024K)]
  0x000001e7f00abea0 WorkerThread "G1 Conc#1"                       [id=24504, stack(0x000000dfd0100000,0x000000dfd0200000) (1024K)]
  0x000001e7e830c050 ConcurrentGCThread "G1 Refine#0"               [id=4560, stack(0x000000dfce400000,0x000000dfce500000) (1024K)]
  0x000001e7e830c960 ConcurrentGCThread "G1 Service"                [id=26204, stack(0x000000dfce500000,0x000000dfce600000) (1024K)]
Total: 15

Threads with active compile tasks:
C2 CompilerThread0  193195 7180       4       java.util.AbstractCollection::containsAll (38 bytes)
Total: 1

VM state: not at safepoint (normal execution)

VM Mutex/Monitor currently owned by a thread: None

Heap address: 0x0000000712400000, size: 3804 MB, Compressed Oops mode: Zero based, Oop shift amount: 3

CDS archive(s) mapped at: [0x000001e780000000-0x000001e780c80000-0x000001e780c80000), size 13107200, SharedBaseAddress: 0x000001e780000000, ArchiveRelocationMode: 1.
Compressed class space mapped at: 0x000001e781000000-0x000001e7c1000000, reserved size: 1073741824
Narrow klass base: 0x000001e780000000, Narrow klass shift: 0, Narrow klass range: 0x100000000

GC Precious Log:
 CardTable entry size: 512
 Card Set container configuration: InlinePtr #cards 4 size 8 Array Of Cards #cards 16 size 48 Howl #buckets 8 coarsen threshold 3686 Howl Bitmap #cards 512 size 80 coarsen threshold 460 Card regions per heap region 1 cards per card region 4096
 CPUs: 8 total, 8 available
 Memory: 15211M
 Large Page Support: Disabled
 NUMA Support: Disabled
 Compressed Oops: Enabled (Zero based)
 Heap Region Size: 2M
 Heap Min Capacity: 8M
 Heap Initial Capacity: 238M
 Heap Max Capacity: 3804M
 Pre-touch: Disabled
 Parallel Workers: 8
 Concurrent Workers: 2
 Concurrent Refinement Workers: 8
 Periodic GC: Disabled

Heap:
 garbage-first heap   total 102400K, used 48417K [0x0000000712400000, 0x0000000800000000)
  region size 2048K, 13 young (26624K), 4 survivors (8192K)
 Metaspace       used 66138K, committed 66880K, reserved 1114112K
  class space    used 8938K, committed 9280K, reserved 1048576K

Heap Regions: E=young(eden), S=young(survivor), O=old, HS=humongous(starts), HC=humongous(continues), CS=collection set, F=free, TAMS=top-at-mark-start, PB=parsable bottom
|   0|0x0000000712400000, 0x0000000712600000, 0x0000000712600000|100%| O|  |TAMS 0x0000000712400000| PB 0x0000000712400000| Untracked 
|   1|0x0000000712600000, 0x0000000712800000, 0x0000000712800000|100%| O|  |TAMS 0x0000000712600000| PB 0x0000000712600000| Untracked 
|   2|0x0000000712800000, 0x0000000712a00000, 0x0000000712a00000|100%| O|  |TAMS 0x0000000712800000| PB 0x0000000712800000| Untracked 
|   3|0x0000000712a00000, 0x0000000712c00000, 0x0000000712c00000|100%| O|  |TAMS 0x0000000712a00000| PB 0x0000000712a00000| Untracked 
|   4|0x0000000712c00000, 0x0000000712e00000, 0x0000000712e00000|100%| O|  |TAMS 0x0000000712c00000| PB 0x0000000712c00000| Untracked 
|   5|0x0000000712e00000, 0x0000000713000000, 0x0000000713000000|100%| O|  |TAMS 0x0000000712e00000| PB 0x0000000712e00000| Untracked 
|   6|0x0000000713000000, 0x0000000713200000, 0x0000000713200000|100%| O|  |TAMS 0x0000000713000000| PB 0x0000000713000000| Untracked 
|   7|0x0000000713200000, 0x0000000713294420, 0x0000000713400000| 28%| O|Cm|TAMS 0x0000000713200000| PB 0x0000000713200000| Complete 
|   8|0x0000000713400000, 0x0000000713600000, 0x0000000713600000|100%| O|  |TAMS 0x0000000713400000| PB 0x0000000713400000| Untracked 
|   9|0x0000000713600000, 0x0000000713800000, 0x0000000713800000|100%| O|  |TAMS 0x0000000713600000| PB 0x0000000713600000| Untracked 
|  10|0x0000000713800000, 0x0000000713a00000, 0x0000000713a00000|100%| O|  |TAMS 0x0000000713800000| PB 0x0000000713800000| Untracked 
|  11|0x0000000713a00000, 0x0000000713c00000, 0x0000000713c00000|100%| O|  |TAMS 0x0000000713a00000| PB 0x0000000713a00000| Untracked 
|  12|0x0000000713c00000, 0x0000000713cb41e8, 0x0000000713e00000| 35%| O|  |TAMS 0x0000000713c00000| PB 0x0000000713c00000| Untracked 
|  13|0x0000000713e00000, 0x0000000713e00000, 0x0000000714000000|  0%| F|  |TAMS 0x0000000713e00000| PB 0x0000000713e00000| Untracked 
|  14|0x0000000714000000, 0x0000000714000000, 0x0000000714200000|  0%| F|  |TAMS 0x0000000714000000| PB 0x0000000714000000| Untracked 
|  15|0x0000000714200000, 0x0000000714200000, 0x0000000714400000|  0%| F|  |TAMS 0x0000000714200000| PB 0x0000000714200000| Untracked 
|  16|0x0000000714400000, 0x0000000714600000, 0x0000000714600000|100%| S|CS|TAMS 0x0000000714400000| PB 0x0000000714400000| Complete 
|  17|0x0000000714600000, 0x0000000714800000, 0x0000000714800000|100%| S|CS|TAMS 0x0000000714600000| PB 0x0000000714600000| Complete 
|  18|0x0000000714800000, 0x0000000714a00000, 0x0000000714a00000|100%| S|CS|TAMS 0x0000000714800000| PB 0x0000000714800000| Complete 
|  19|0x0000000714a00000, 0x0000000714c00000, 0x0000000714c00000|100%| S|CS|TAMS 0x0000000714a00000| PB 0x0000000714a00000| Complete 
|  20|0x0000000714c00000, 0x0000000714c00000, 0x0000000714e00000|  0%| F|  |TAMS 0x0000000714c00000| PB 0x0000000714c00000| Untracked 
|  21|0x0000000714e00000, 0x0000000714e00000, 0x0000000715000000|  0%| F|  |TAMS 0x0000000714e00000| PB 0x0000000714e00000| Untracked 
|  22|0x0000000715000000, 0x0000000715000000, 0x0000000715200000|  0%| F|  |TAMS 0x0000000715000000| PB 0x0000000715000000| Untracked 
|  23|0x0000000715200000, 0x0000000715200000, 0x0000000715400000|  0%| F|  |TAMS 0x0000000715200000| PB 0x0000000715200000| Untracked 
|  24|0x0000000715400000, 0x0000000715400000, 0x0000000715600000|  0%| F|  |TAMS 0x0000000715400000| PB 0x0000000715400000| Untracked 
|  25|0x0000000715600000, 0x0000000715600000, 0x0000000715800000|  0%| F|  |TAMS 0x0000000715600000| PB 0x0000000715600000| Untracked 
|  26|0x0000000715800000, 0x0000000715800000, 0x0000000715a00000|  0%| F|  |TAMS 0x0000000715800000| PB 0x0000000715800000| Untracked 
|  27|0x0000000715a00000, 0x0000000715a00000, 0x0000000715c00000|  0%| F|  |TAMS 0x0000000715a00000| PB 0x0000000715a00000| Untracked 
|  28|0x0000000715c00000, 0x0000000715c00000, 0x0000000715e00000|  0%| F|  |TAMS 0x0000000715c00000| PB 0x0000000715c00000| Untracked 
|  29|0x0000000715e00000, 0x0000000715e00000, 0x0000000716000000|  0%| F|  |TAMS 0x0000000715e00000| PB 0x0000000715e00000| Untracked 
|  30|0x0000000716000000, 0x0000000716000000, 0x0000000716200000|  0%| F|  |TAMS 0x0000000716000000| PB 0x0000000716000000| Untracked 
|  31|0x0000000716200000, 0x0000000716200000, 0x0000000716400000|  0%| F|  |TAMS 0x0000000716200000| PB 0x0000000716200000| Untracked 
|  32|0x0000000716400000, 0x0000000716400000, 0x0000000716600000|  0%| F|  |TAMS 0x0000000716400000| PB 0x0000000716400000| Untracked 
|  33|0x0000000716600000, 0x0000000716600000, 0x0000000716800000|  0%| F|  |TAMS 0x0000000716600000| PB 0x0000000716600000| Untracked 
|  34|0x0000000716800000, 0x0000000716800000, 0x0000000716a00000|  0%| F|  |TAMS 0x0000000716800000| PB 0x0000000716800000| Untracked 
|  35|0x0000000716a00000, 0x0000000716a00000, 0x0000000716c00000|  0%| F|  |TAMS 0x0000000716a00000| PB 0x0000000716a00000| Untracked 
|  36|0x0000000716c00000, 0x0000000716c00000, 0x0000000716e00000|  0%| F|  |TAMS 0x0000000716c00000| PB 0x0000000716c00000| Untracked 
|  37|0x0000000716e00000, 0x0000000716e00000, 0x0000000717000000|  0%| F|  |TAMS 0x0000000716e00000| PB 0x0000000716e00000| Untracked 
|  38|0x0000000717000000, 0x0000000717000000, 0x0000000717200000|  0%| F|  |TAMS 0x0000000717000000| PB 0x0000000717000000| Untracked 
|  39|0x0000000717200000, 0x0000000717200000, 0x0000000717400000|  0%| F|  |TAMS 0x0000000717200000| PB 0x0000000717200000| Untracked 
|  40|0x0000000717400000, 0x0000000717400000, 0x0000000717600000|  0%| F|  |TAMS 0x0000000717400000| PB 0x0000000717400000| Untracked 
|  41|0x0000000717600000, 0x00000007176c7c60, 0x0000000717800000| 39%| E|  |TAMS 0x0000000717600000| PB 0x0000000717600000| Complete 
|  42|0x0000000717800000, 0x0000000717a00000, 0x0000000717a00000|100%| E|CS|TAMS 0x0000000717800000| PB 0x0000000717800000| Complete 
|  43|0x0000000717a00000, 0x0000000717c00000, 0x0000000717c00000|100%| E|CS|TAMS 0x0000000717a00000| PB 0x0000000717a00000| Complete 
|  44|0x0000000717c00000, 0x0000000717e00000, 0x0000000717e00000|100%| E|CS|TAMS 0x0000000717c00000| PB 0x0000000717c00000| Complete 
|  45|0x0000000717e00000, 0x0000000718000000, 0x0000000718000000|100%| E|CS|TAMS 0x0000000717e00000| PB 0x0000000717e00000| Complete 
|  55|0x0000000719200000, 0x0000000719400000, 0x0000000719400000|100%| E|CS|TAMS 0x0000000719200000| PB 0x0000000719200000| Complete 
|  56|0x0000000719400000, 0x0000000719600000, 0x0000000719600000|100%| E|CS|TAMS 0x0000000719400000| PB 0x0000000719400000| Complete 
|  57|0x0000000719600000, 0x0000000719800000, 0x0000000719800000|100%| E|CS|TAMS 0x0000000719600000| PB 0x0000000719600000| Complete 
| 118|0x0000000721000000, 0x0000000721200000, 0x0000000721200000|100%| E|CS|TAMS 0x0000000721000000| PB 0x0000000721000000| Complete 

Card table byte_map: [0x000001e7e1c70000,0x000001e7e23e0000] _byte_map_base: 0x000001e7de3de000

Marking Bits: (CMBitMap*) 0x000001e7c9b409d0
 Bits: [0x000001e7e23e0000, 0x000001e7e5f50000)

Polling page: 0x000001e7c78f0000

Metaspace:

Usage:
  Non-class:     55.86 MB used.
      Class:      8.73 MB used.
       Both:     64.59 MB used.

Virtual space:
  Non-class space:       64.00 MB reserved,      56.25 MB ( 88%) committed,  1 nodes.
      Class space:        1.00 GB reserved,       9.06 MB ( <1%) committed,  1 nodes.
             Both:        1.06 GB reserved,      65.31 MB (  6%) committed. 

Chunk freelists:
   Non-Class:  6.94 MB
       Class:  6.85 MB
        Both:  13.78 MB

MaxMetaspaceSize: unlimited
CompressedClassSpaceSize: 1.00 GB
Initial GC threshold: 21.00 MB
Current GC threshold: 99.00 MB
CDS: on
 - commit_granule_bytes: 65536.
 - commit_granule_words: 8192.
 - virtual_space_node_default_size: 8388608.
 - enlarge_chunks_in_place: 1.
 - use_allocation_guard: 0.


Internal statistics:

num_allocs_failed_limit: 12.
num_arena_births: 1010.
num_arena_deaths: 0.
num_vsnodes_births: 2.
num_vsnodes_deaths: 0.
num_space_committed: 1045.
num_space_uncommitted: 0.
num_chunks_returned_to_freelist: 12.
num_chunks_taken_from_freelist: 3387.
num_chunk_merges: 12.
num_chunk_splits: 2433.
num_chunks_enlarged: 1860.
num_inconsistent_stats: 0.

CodeHeap 'non-profiled nmethods': size=120000Kb used=4166Kb max_used=4166Kb free=115833Kb
 bounds [0x000001e7d9ca0000, 0x000001e7da0c0000, 0x000001e7e11d0000]
CodeHeap 'profiled nmethods': size=120000Kb used=12500Kb max_used=12500Kb free=107499Kb
 bounds [0x000001e7d21d0000, 0x000001e7d2e10000, 0x000001e7d9700000]
CodeHeap 'non-nmethods': size=5760Kb used=1687Kb max_used=1777Kb free=4073Kb
 bounds [0x000001e7d9700000, 0x000001e7d9970000, 0x000001e7d9ca0000]
CodeCache: size=245760Kb, used=18353Kb, max_used=18443Kb, free=227405Kb
 total_blobs=7188, nmethods=6471, adapters=620, full_count=0
Compilation: enabled, stopped_count=0, restarted_count=0

Compilation events (20 events):
Event: 181.470 Thread 0x000001e7e89e1550 7171       3       java.util.concurrent.locks.ReentrantLock::lockInterruptibly (8 bytes)
Event: 181.470 Thread 0x000001e7e89e1550 nmethod 7171 0x000001e7d2dfee90 code [0x000001e7d2dff0a0, 0x000001e7d2dff640]
Event: 181.470 Thread 0x000001e7e89e1550 7172       3       java.util.concurrent.locks.ReentrantLock$Sync::lockInterruptibly (27 bytes)
Event: 181.470 Thread 0x000001e7e89e1550 nmethod 7172 0x000001e7d2dff810 code [0x000001e7d2dffa20, 0x000001e7d2dfff58]
Event: 183.483 Thread 0x000001e7e89e1550 7173       3       java.util.concurrent.ThreadPoolExecutor$Worker::unlock (7 bytes)
Event: 183.483 Thread 0x000001e7e89e1550 nmethod 7173 0x000001e7d2e00110 code [0x000001e7d2e002e0, 0x000001e7d2e00550]
Event: 183.483 Thread 0x000001e7e89e1550 7174       3       java.util.concurrent.ThreadPoolExecutor$Worker::tryRelease (12 bytes)
Event: 183.483 Thread 0x000001e7e89e1550 nmethod 7174 0x000001e7d2e00690 code [0x000001e7d2e00840, 0x000001e7d2e009b8]
Event: 185.484 Thread 0x000001e7e89e1550 7175   !   3       java.util.concurrent.ThreadPoolExecutor::getTask (177 bytes)
Event: 185.486 Thread 0x000001e7e89e1550 nmethod 7175 0x000001e7d2e00a90 code [0x000001e7d2e00d40, 0x000001e7d2e01b90]
Event: 186.472 Thread 0x000001e7e89e1550 7176       3       java.util.concurrent.ThreadPoolExecutor$Worker::lock (6 bytes)
Event: 186.472 Thread 0x000001e7e89e1550 nmethod 7176 0x000001e7d2e02010 code [0x000001e7d2e021c0, 0x000001e7d2e02300]
Event: 186.472 Thread 0x000001e7e89e1550 7177       3       java.util.concurrent.ThreadPoolExecutor$Worker::tryAcquire (20 bytes)
Event: 186.472 Thread 0x000001e7e89e1550 nmethod 7177 0x000001e7d2e02390 code [0x000001e7d2e02540, 0x000001e7d2e02788]
Event: 187.469 Thread 0x000001e7e89e1550 7178       3       java.util.concurrent.ThreadPoolExecutor::afterExecute (1 bytes)
Event: 187.469 Thread 0x000001e7e89dce80 7179       4       jdk.internal.misc.Unsafe::putReferenceOpaque (9 bytes)
Event: 187.469 Thread 0x000001e7e89e1550 nmethod 7178 0x000001e7d277b910 code [0x000001e7d277baa0, 0x000001e7d277bba8]
Event: 187.470 Thread 0x000001e7e89dce80 nmethod 7179 0x000001e7da0b1310 code [0x000001e7da0b14a0, 0x000001e7da0b1618]
Event: 191.154 Thread 0x000001e7e89dce80 7180       4       java.util.AbstractCollection::containsAll (38 bytes)
Event: 192.470 Thread 0x000001e7e89e1550 7182   !   3       java.util.concurrent.ScheduledThreadPoolExecutor$DelayedWorkQueue::take (203 bytes)

GC Heap History (20 events):
Event: 1.469 GC heap before
{Heap before GC invocations=4 (full 0):
 garbage-first heap   total 55296K, used 39607K [0x0000000712400000, 0x0000000800000000)
  region size 2048K, 16 young (32768K), 3 survivors (6144K)
 Metaspace       used 23560K, committed 24064K, reserved 1114112K
  class space    used 2897K, committed 3136K, reserved 1048576K
}
Event: 1.473 GC heap after
{Heap after GC invocations=5 (full 0):
 garbage-first heap   total 55296K, used 15336K [0x0000000712400000, 0x0000000800000000)
  region size 2048K, 2 young (4096K), 2 survivors (4096K)
 Metaspace       used 23560K, committed 24064K, reserved 1114112K
  class space    used 2897K, committed 3136K, reserved 1048576K
}
Event: 1.769 GC heap before
{Heap before GC invocations=5 (full 0):
 garbage-first heap   total 55296K, used 35816K [0x0000000712400000, 0x0000000800000000)
  region size 2048K, 12 young (24576K), 2 survivors (4096K)
 Metaspace       used 26394K, committed 26880K, reserved 1114112K
  class space    used 3273K, committed 3520K, reserved 1048576K
}
Event: 1.772 GC heap after
{Heap after GC invocations=6 (full 0):
 garbage-first heap   total 55296K, used 17091K [0x0000000712400000, 0x0000000800000000)
  region size 2048K, 2 young (4096K), 2 survivors (4096K)
 Metaspace       used 26394K, committed 26880K, reserved 1114112K
  class space    used 3273K, committed 3520K, reserved 1048576K
}
Event: 2.167 GC heap before
{Heap before GC invocations=6 (full 0):
 garbage-first heap   total 55296K, used 41667K [0x0000000712400000, 0x0000000800000000)
  region size 2048K, 14 young (28672K), 2 survivors (4096K)
 Metaspace       used 30734K, committed 31168K, reserved 1114112K
  class space    used 3896K, committed 4096K, reserved 1048576K
}
Event: 2.170 GC heap after
{Heap after GC invocations=7 (full 0):
 garbage-first heap   total 55296K, used 19701K [0x0000000712400000, 0x0000000800000000)
  region size 2048K, 2 young (4096K), 2 survivors (4096K)
 Metaspace       used 30734K, committed 31168K, reserved 1114112K
  class space    used 3896K, committed 4096K, reserved 1048576K
}
Event: 2.518 GC heap before
{Heap before GC invocations=7 (full 0):
 garbage-first heap   total 55296K, used 42229K [0x0000000712400000, 0x0000000800000000)
  region size 2048K, 13 young (26624K), 2 survivors (4096K)
 Metaspace       used 34919K, committed 35520K, reserved 1114112K
  class space    used 4467K, committed 4736K, reserved 1048576K
}
Event: 2.521 GC heap after
{Heap after GC invocations=8 (full 0):
 garbage-first heap   total 55296K, used 21889K [0x0000000712400000, 0x0000000800000000)
  region size 2048K, 1 young (2048K), 1 survivors (2048K)
 Metaspace       used 34919K, committed 35520K, reserved 1114112K
  class space    used 4467K, committed 4736K, reserved 1048576K
}
Event: 2.542 GC heap before
{Heap before GC invocations=8 (full 0):
 garbage-first heap   total 55296K, used 21889K [0x0000000712400000, 0x0000000800000000)
  region size 2048K, 2 young (4096K), 1 survivors (2048K)
 Metaspace       used 35422K, committed 35968K, reserved 1114112K
  class space    used 4532K, committed 4800K, reserved 1048576K
}
Event: 2.544 GC heap after
{Heap after GC invocations=9 (full 0):
 garbage-first heap   total 55296K, used 21716K [0x0000000712400000, 0x0000000800000000)
  region size 2048K, 1 young (2048K), 1 survivors (2048K)
 Metaspace       used 35422K, committed 35968K, reserved 1114112K
  class space    used 4532K, committed 4800K, reserved 1048576K
}
Event: 2.886 GC heap before
{Heap before GC invocations=10 (full 0):
 garbage-first heap   total 55296K, used 44244K [0x0000000712400000, 0x0000000800000000)
  region size 2048K, 13 young (26624K), 1 survivors (2048K)
 Metaspace       used 42531K, committed 43072K, reserved 1114112K
  class space    used 5566K, committed 5760K, reserved 1048576K
}
Event: 2.889 GC heap after
{Heap after GC invocations=11 (full 0):
 garbage-first heap   total 55296K, used 23833K [0x0000000712400000, 0x0000000800000000)
  region size 2048K, 2 young (4096K), 2 survivors (4096K)
 Metaspace       used 42531K, committed 43072K, reserved 1114112K
  class space    used 5566K, committed 5760K, reserved 1048576K
}
Event: 3.178 GC heap before
{Heap before GC invocations=11 (full 0):
 garbage-first heap   total 55296K, used 44313K [0x0000000712400000, 0x0000000800000000)
  region size 2048K, 13 young (26624K), 2 survivors (4096K)
 Metaspace       used 48157K, committed 48768K, reserved 1114112K
  class space    used 6317K, committed 6592K, reserved 1048576K
}
Event: 3.182 GC heap after
{Heap after GC invocations=12 (full 0):
 garbage-first heap   total 55296K, used 24992K [0x0000000712400000, 0x0000000800000000)
  region size 2048K, 2 young (4096K), 2 survivors (4096K)
 Metaspace       used 48157K, committed 48768K, reserved 1114112K
  class space    used 6317K, committed 6592K, reserved 1048576K
}
Event: 3.443 GC heap before
{Heap before GC invocations=12 (full 0):
 garbage-first heap   total 55296K, used 43424K [0x0000000712400000, 0x0000000800000000)
  region size 2048K, 12 young (24576K), 2 survivors (4096K)
 Metaspace       used 55000K, committed 55680K, reserved 1114112K
  class space    used 7365K, committed 7680K, reserved 1048576K
}
Event: 3.447 GC heap after
{Heap after GC invocations=13 (full 0):
 garbage-first heap   total 149504K, used 26443K [0x0000000712400000, 0x0000000800000000)
  region size 2048K, 2 young (4096K), 2 survivors (4096K)
 Metaspace       used 55000K, committed 55680K, reserved 1114112K
  class space    used 7365K, committed 7680K, reserved 1048576K
}
Event: 3.768 GC heap before
{Heap before GC invocations=13 (full 0):
 garbage-first heap   total 149504K, used 55115K [0x0000000712400000, 0x0000000800000000)
  region size 2048K, 17 young (34816K), 2 survivors (4096K)
 Metaspace       used 59907K, committed 60608K, reserved 1114112K
  class space    used 8058K, committed 8384K, reserved 1048576K
}
Event: 3.770 GC heap after
{Heap after GC invocations=14 (full 0):
 garbage-first heap   total 149504K, used 27362K [0x0000000712400000, 0x0000000800000000)
  region size 2048K, 3 young (6144K), 3 survivors (6144K)
 Metaspace       used 59907K, committed 60608K, reserved 1114112K
  class space    used 8058K, committed 8384K, reserved 1048576K
}
Event: 5.446 GC heap before
{Heap before GC invocations=15 (full 0):
 garbage-first heap   total 102400K, used 82658K [0x0000000712400000, 0x0000000800000000)
  region size 2048K, 30 young (61440K), 3 survivors (6144K)
 Metaspace       used 65790K, committed 66560K, reserved 1114112K
  class space    used 8893K, committed 9216K, reserved 1048576K
}
Event: 5.451 GC heap after
{Heap after GC invocations=16 (full 0):
 garbage-first heap   total 102400K, used 32033K [0x0000000712400000, 0x0000000800000000)
  region size 2048K, 4 young (8192K), 4 survivors (8192K)
 Metaspace       used 65790K, committed 66560K, reserved 1114112K
  class space    used 8893K, committed 9216K, reserved 1048576K
}

Dll operation events (11 events):
Event: 0.005 Loaded shared library C:\Users\Administrador\AppData\Roaming\Code\User\globalStorage\pleiades.java-extension-pack-jdk\java\21\bin\java.dll
Event: 0.032 Loaded shared library C:\Users\Administrador\AppData\Roaming\Code\User\globalStorage\pleiades.java-extension-pack-jdk\java\21\bin\jsvml.dll
Event: 0.087 Loaded shared library C:\Users\Administrador\AppData\Roaming\Code\User\globalStorage\pleiades.java-extension-pack-jdk\java\21\bin\jimage.dll
Event: 0.091 Loaded shared library C:\Users\Administrador\AppData\Roaming\Code\User\globalStorage\pleiades.java-extension-pack-jdk\java\21\bin\net.dll
Event: 0.093 Loaded shared library C:\Users\Administrador\AppData\Roaming\Code\User\globalStorage\pleiades.java-extension-pack-jdk\java\21\bin\nio.dll
Event: 0.097 Loaded shared library C:\Users\Administrador\AppData\Roaming\Code\User\globalStorage\pleiades.java-extension-pack-jdk\java\21\bin\zip.dll
Event: 0.135 Loaded shared library C:\Users\Administrador\AppData\Roaming\Code\User\globalStorage\pleiades.java-extension-pack-jdk\java\21\bin\management.dll
Event: 0.142 Loaded shared library C:\Users\Administrador\AppData\Roaming\Code\User\globalStorage\pleiades.java-extension-pack-jdk\java\21\bin\management_ext.dll
Event: 0.341 Loaded shared library C:\Users\Administrador\AppData\Roaming\Code\User\globalStorage\pleiades.java-extension-pack-jdk\java\21\bin\extnet.dll
Event: 1.149 Loaded shared library C:\Users\Administrador\AppData\Roaming\Code\User\globalStorage\pleiades.java-extension-pack-jdk\java\21\bin\sunmscapi.dll
Event: 2.633 Loaded shared library C:\Users\Administrador\AppData\Roaming\Code\User\globalStorage\pleiades.java-extension-pack-jdk\java\21\bin\verify.dll

Deoptimization events (20 events):
Event: 5.160 Thread 0x000001e7e8ae3d70 Uncommon trap: trap_request=0xfffffff4 fr.pc=0x000001e7d9e3d0d8 relative=0x00000000000000b8
Event: 5.160 Thread 0x000001e7e8ae3d70 Uncommon trap: reason=null_check action=make_not_entrant pc=0x000001e7d9e3d0d8 method=org.springframework.util.ClassUtils.isAssignable(Ljava/lang/Class;Ljava/lang/Class;)Z @ 14 c2
Event: 5.160 Thread 0x000001e7e8ae3d70 DEOPT PACKING pc=0x000001e7d9e3d0d8 sp=0x000000dfcfffe450
Event: 5.160 Thread 0x000001e7e8ae3d70 DEOPT UNPACKING pc=0x000001e7d97546a2 sp=0x000000dfcfffe3e0 mode 2
Event: 5.401 Thread 0x000001e7e8ae3d70 Uncommon trap: trap_request=0xffffff45 fr.pc=0x000001e7d9eafb30 relative=0x0000000000001470
Event: 5.401 Thread 0x000001e7e8ae3d70 Uncommon trap: reason=unstable_if action=reinterpret pc=0x000001e7d9eafb30 method=org.springframework.core.annotation.AnnotationsScanner.processClassInheritedAnnotations(Ljava/lang/Object;Ljava/lang/Class;Lorg/springframework/core/annotation/AnnotationsPr
Event: 5.401 Thread 0x000001e7e8ae3d70 DEOPT PACKING pc=0x000001e7d9eafb30 sp=0x000000dfcfffebd0
Event: 5.401 Thread 0x000001e7e8ae3d70 DEOPT UNPACKING pc=0x000001e7d97546a2 sp=0x000000dfcfffeaa8 mode 2
Event: 5.425 Thread 0x000001e7e8ae3d70 Uncommon trap: trap_request=0xffffff45 fr.pc=0x000001e7d9d4de10 relative=0x0000000000000070
Event: 5.425 Thread 0x000001e7e8ae3d70 Uncommon trap: reason=unstable_if action=reinterpret pc=0x000001e7d9d4de10 method=org.springframework.util.ConcurrentReferenceHashMap$Segment.clear()V @ 7 c2
Event: 5.425 Thread 0x000001e7e8ae3d70 DEOPT PACKING pc=0x000001e7d9d4de10 sp=0x000000dfcfffef90
Event: 5.425 Thread 0x000001e7e8ae3d70 DEOPT UNPACKING pc=0x000001e7d97546a2 sp=0x000000dfcfffef20 mode 2
Event: 5.430 Thread 0x000001e7e8ae3d70 Uncommon trap: trap_request=0xffffff45 fr.pc=0x000001e7d9d662d4 relative=0x0000000000000114
Event: 5.430 Thread 0x000001e7e8ae3d70 Uncommon trap: reason=unstable_if action=reinterpret pc=0x000001e7d9d662d4 method=java.lang.ref.ReferenceQueue.poll()Ljava/lang/ref/Reference; @ 4 c2
Event: 5.430 Thread 0x000001e7e8ae3d70 DEOPT PACKING pc=0x000001e7d9d662d4 sp=0x000000dfcfffeca0
Event: 5.430 Thread 0x000001e7e8ae3d70 DEOPT UNPACKING pc=0x000001e7d97546a2 sp=0x000000dfcfffeb68 mode 2
Event: 5.461 Thread 0x000001e7e8ae3d70 Uncommon trap: trap_request=0xffffff45 fr.pc=0x000001e7d9d8ff58 relative=0x00000000000009d8
Event: 5.461 Thread 0x000001e7e8ae3d70 Uncommon trap: reason=unstable_if action=reinterpret pc=0x000001e7d9d8ff58 method=java.lang.Integer.stringSize(I)I @ 19 c2
Event: 5.461 Thread 0x000001e7e8ae3d70 DEOPT PACKING pc=0x000001e7d9d8ff58 sp=0x000000dfcfffe180
Event: 5.461 Thread 0x000001e7e8ae3d70 DEOPT UNPACKING pc=0x000001e7d97546a2 sp=0x000000dfcfffe090 mode 2

Classes loaded (20 events):
Event: 5.488 Loading class java/beans/WeakIdentityMap done
Event: 5.488 Loading class java/beans/ThreadGroupContext$1 done
Event: 5.488 Loading class java/beans/WeakIdentityMap$Entry
Event: 5.489 Loading class java/beans/WeakIdentityMap$Entry done
Event: 5.489 Loading class com/sun/beans/introspect/ClassInfo
Event: 5.489 Loading class com/sun/beans/introspect/ClassInfo done
Event: 5.489 Loading class com/sun/beans/introspect/ClassInfo$1
Event: 5.489 Loading class com/sun/beans/util/Cache
Event: 5.489 Loading class com/sun/beans/util/Cache done
Event: 5.489 Loading class com/sun/beans/introspect/ClassInfo$1 done
Event: 5.489 Loading class com/sun/beans/util/Cache$Kind
Event: 5.489 Loading class com/sun/beans/util/Cache$Kind done
Event: 5.489 Loading class com/sun/beans/util/Cache$Kind$1
Event: 5.490 Loading class com/sun/beans/util/Cache$Kind$1 done
Event: 5.490 Loading class com/sun/beans/util/Cache$Kind$2
Event: 5.490 Loading class com/sun/beans/util/Cache$Kind$2 done
Event: 5.490 Loading class com/sun/beans/util/Cache$Kind$3
Event: 5.490 Loading class com/sun/beans/util/Cache$Kind$3 done
Event: 5.490 Loading class com/sun/beans/util/Cache$CacheEntry
Event: 5.490 Loading class com/sun/beans/util/Cache$CacheEntry done

Classes unloaded (0 events):
No events

Classes redefined (0 events):
No events

Internal exceptions (20 events):
Event: 3.714 Thread 0x000001e7e8ae3d70 Exception <a 'java/lang/NoSuchMethodError'{0x0000000719d7ed30}: 'java.lang.Object java.lang.invoke.DirectMethodHandle$Holder.newInvokeSpecial(java.lang.Object, java.lang.Object, java.lang.Object, java.lang.Object, java.lang.Object, java.lang.Object, java.lang.Object, int)'> (0x0000000719d7ed30) 
thrown [s\src\hotspot\share\interpreter\linkResolver.cpp, line 773]
Event: 3.714 Thread 0x000001e7e8ae3d70 Exception <a 'java/lang/NoSuchMethodError'{0x0000000719d832d0}: 'java.lang.Object java.lang.invoke.DirectMethodHandle$Holder.invokeSpecial(java.lang.Object, java.lang.Object, java.lang.Object, java.lang.Object, java.lang.Object, java.lang.Object, java.lang.Object, java.lang.Object, int)'> (0x0000000719d832d0) 
thrown [s\src\hotspot\share\interpreter\linkResolver.cpp, line 773]
Event: 3.714 Thread 0x000001e7e8ae3d70 Exception <a 'java/lang/NoSuchMethodError'{0x0000000719d872f8}: 'java.lang.Object java.lang.invoke.Invokers$Holder.linkToTargetMethod(java.lang.Object, java.lang.Object, java.lang.Object, java.lang.Object, java.lang.Object, java.lang.Object, int, java.lang.Object)'> (0x0000000719d872f8) 
thrown [s\src\hotspot\share\interpreter\linkResolver.cpp, line 773]
Event: 4.646 Thread 0x000001e7e8ae3d70 Implicit null exception at 0x000001e7d9f86991 to 0x000001e7d9f86c18
Event: 4.677 Thread 0x000001e7e8ae3d70 Implicit null exception at 0x000001e7d9f87f00 to 0x000001e7d9f89b3c
Event: 4.682 Thread 0x000001e7e8ae3d70 Exception <a 'java/lang/IncompatibleClassChangeError'{0x0000000717df7658}: Found class java.lang.Object, but interface was expected> (0x0000000717df7658) 
thrown [s\src\hotspot\share\interpreter\linkResolver.cpp, line 840]
Event: 4.712 Thread 0x000001e7e8ae3d70 Exception <a 'java/lang/IncompatibleClassChangeError'{0x0000000717b778d8}: Found class java.lang.Object, but interface was expected> (0x0000000717b778d8) 
thrown [s\src\hotspot\share\interpreter\linkResolver.cpp, line 840]
Event: 4.803 Thread 0x000001e7e8ae3d70 Exception <a 'java/lang/IncompatibleClassChangeError'{0x00000007177fd980}: Found class java.lang.Object, but interface was expected> (0x00000007177fd980) 
thrown [s\src\hotspot\share\interpreter\linkResolver.cpp, line 840]
Event: 4.884 Thread 0x000001e7e8ae3d70 Exception <a 'java/lang/NoSuchMethodError'{0x000000071712c298}: 'java.lang.Object java.lang.invoke.DirectMethodHandle$Holder.newInvokeSpecial(java.lang.Object, java.lang.Object, java.lang.Object, java.lang.Object, java.lang.Object, java.lang.Object, java.lang.Object, java.lang.Object)'> (0x000000071712c298) 
thrown [s\src\hotspot\share\interpreter\linkResolver.cpp, line 773]
Event: 4.998 Thread 0x000001e7e8ae3d70 Exception <a 'java/lang/NoSuchMethodError'{0x0000000716b42578}: 'java.lang.Object java.lang.invoke.DirectMethodHandle$Holder.invokeStatic(java.lang.Object, int, java.lang.Object, java.lang.Object)'> (0x0000000716b42578) 
thrown [s\src\hotspot\share\interpreter\linkResolver.cpp, line 773]
Event: 4.998 Thread 0x000001e7e8ae3d70 Exception <a 'java/lang/NoSuchMethodError'{0x0000000716b46918}: 'java.lang.Object java.lang.invoke.DirectMethodHandle$Holder.invokeSpecial(java.lang.Object, java.lang.Object, int, java.lang.Object, java.lang.Object)'> (0x0000000716b46918) 
thrown [s\src\hotspot\share\interpreter\linkResolver.cpp, line 773]
Event: 4.998 Thread 0x000001e7e8ae3d70 Exception <a 'java/lang/NoSuchMethodError'{0x0000000716b4a5c0}: 'java.lang.Object java.lang.invoke.DelegatingMethodHandle$Holder.delegate(java.lang.Object, int, java.lang.Object, java.lang.Object)'> (0x0000000716b4a5c0) 
thrown [s\src\hotspot\share\interpreter\linkResolver.cpp, line 773]
Event: 5.000 Thread 0x000001e7e8ae3d70 Exception <a 'java/lang/NoSuchMethodError'{0x0000000716b59f48}: 'int java.lang.invoke.Invokers$Holder.linkToTargetMethod(java.lang.Object, java.lang.Object, java.lang.Object)'> (0x0000000716b59f48) 
thrown [s\src\hotspot\share\interpreter\linkResolver.cpp, line 773]
Event: 5.030 Thread 0x000001e7e8ae3d70 Exception <a 'java/lang/NoSuchMethodError'{0x00000007168d9ea8}: 'void java.lang.invoke.Invokers$Holder.invokeExact_MT(java.lang.Object, java.lang.Object, java.lang.Object, java.lang.Object)'> (0x00000007168d9ea8) 
thrown [s\src\hotspot\share\interpreter\linkResolver.cpp, line 773]
Event: 5.055 Thread 0x000001e7e8ae3d70 Exception <a 'java/lang/IncompatibleClassChangeError'{0x00000007166b5908}: Found class java.lang.Object, but interface was expected> (0x00000007166b5908) 
thrown [s\src\hotspot\share\interpreter\linkResolver.cpp, line 840]
Event: 5.108 Thread 0x000001e7e8ae3d70 Exception <a 'java/lang/NoSuchMethodError'{0x0000000716249708}: 'int java.lang.invoke.DirectMethodHandle$Holder.invokeStaticInit(java.lang.Object, java.lang.Object, java.lang.Object, java.lang.Object)'> (0x0000000716249708) 
thrown [s\src\hotspot\share\interpreter\linkResolver.cpp, line 773]
Event: 5.155 Thread 0x000001e7e8ae3d70 Exception <a 'java/lang/IncompatibleClassChangeError'{0x0000000716129350}: Found class java.lang.Object, but interface was expected> (0x0000000716129350) 
thrown [s\src\hotspot\share\interpreter\linkResolver.cpp, line 840]
Event: 5.160 Thread 0x000001e7e8ae3d70 Implicit null exception at 0x000001e7d9e3d044 to 0x000001e7d9e3d0c4
Event: 5.302 Thread 0x000001e7e8ae3d70 Exception <a 'java/lang/NoSuchMethodError'{0x0000000715392750}: 'java.lang.Object java.lang.invoke.Invokers$Holder.invoke_MT(java.lang.Object, java.lang.Object, java.lang.Object, java.lang.Object, java.lang.Object, java.lang.Object, java.lang.Object, java.lang.Object, java.lang.Object, java.lang.Object, java.lang.Object)'> (0x0000000715392750) 
thrown [s\src\hotspot\share\interpreter\linkResolver.cpp, line 773]
Event: 5.433 Thread 0x000001e7e8ae3d70 Exception <a 'java/lang/NoSuchMethodError'{0x0000000714fcbb90}: 'java.lang.Object java.lang.invoke.DirectMethodHandle$Holder.newInvokeSpecial(java.lang.Object, java.lang.Object, int, java.lang.Object, java.lang.Object)'> (0x0000000714fcbb90) 
thrown [s\src\hotspot\share\interpreter\linkResolver.cpp, line 773]

ZGC Phase Switch (0 events):
No events

VM Operations (20 events):
Event: 36.717 Executing VM operation: Cleanup
Event: 36.717 Executing VM operation: Cleanup done
Event: 59.883 Executing VM operation: Cleanup
Event: 59.884 Executing VM operation: Cleanup done
Event: 60.235 Executing VM operation: HandshakeAllThreads (HandshakeForDeflation)
Event: 60.235 Executing VM operation: HandshakeAllThreads (HandshakeForDeflation) done
Event: 60.235 Executing VM operation: RendezvousGCThreads
Event: 60.235 Executing VM operation: RendezvousGCThreads done
Event: 71.312 Executing VM operation: Cleanup
Event: 71.312 Executing VM operation: Cleanup done
Event: 73.317 Executing VM operation: Cleanup
Event: 73.317 Executing VM operation: Cleanup done
Event: 101.484 Executing VM operation: Cleanup
Event: 101.484 Executing VM operation: Cleanup done
Event: 137.783 Executing VM operation: Cleanup
Event: 137.783 Executing VM operation: Cleanup done
Event: 187.187 Executing VM operation: Cleanup
Event: 187.188 Executing VM operation: Cleanup done
Event: 188.201 Executing VM operation: Cleanup
Event: 188.201 Executing VM operation: Cleanup done

Memory protections (0 events):
No events

Nmethod flushes (20 events):
Event: 3.790 Thread 0x000001e7e845a390 flushing  nmethod 0x000001e7d2429610
Event: 3.790 Thread 0x000001e7e845a390 flushing  nmethod 0x000001e7d249ff10
Event: 3.790 Thread 0x000001e7e845a390 flushing  nmethod 0x000001e7d2505890
Event: 3.790 Thread 0x000001e7e845a390 flushing  nmethod 0x000001e7d2506090
Event: 3.790 Thread 0x000001e7e845a390 flushing  nmethod 0x000001e7d2509690
Event: 3.790 Thread 0x000001e7e845a390 flushing  nmethod 0x000001e7d250a110
Event: 3.790 Thread 0x000001e7e845a390 flushing  nmethod 0x000001e7d250be10
Event: 3.790 Thread 0x000001e7e845a390 flushing  nmethod 0x000001e7d250e710
Event: 3.790 Thread 0x000001e7e845a390 flushing  nmethod 0x000001e7d25f0090
Event: 3.790 Thread 0x000001e7e845a390 flushing  nmethod 0x000001e7d25f0510
Event: 3.790 Thread 0x000001e7e845a390 flushing  nmethod 0x000001e7d2665190
Event: 3.790 Thread 0x000001e7e845a390 flushing  nmethod 0x000001e7d2665810
Event: 3.790 Thread 0x000001e7e845a390 flushing  nmethod 0x000001e7d2667510
Event: 3.790 Thread 0x000001e7e845a390 flushing  nmethod 0x000001e7d2669410
Event: 3.790 Thread 0x000001e7e845a390 flushing  nmethod 0x000001e7d2669890
Event: 3.790 Thread 0x000001e7e845a390 flushing  nmethod 0x000001e7d2669c10
Event: 3.790 Thread 0x000001e7e845a390 flushing  nmethod 0x000001e7d26f9f90
Event: 3.790 Thread 0x000001e7e845a390 flushing  nmethod 0x000001e7d2755010
Event: 3.790 Thread 0x000001e7e845a390 flushing  nmethod 0x000001e7d28c4990
Event: 3.790 Thread 0x000001e7e845a390 flushing  nmethod 0x000001e7d290f090

Events (20 events):
Event: 5.395 Thread 0x000001e7e8ae3d70 Thread added: 0x000001e7ef5962a0
Event: 5.444 Thread 0x000001e7e8ae3d70 Thread added: 0x000001e7ef599720
Event: 5.444 Thread 0x000001e7e8ae3d70 Thread added: 0x000001e7ef596930
Event: 5.444 Thread 0x000001e7e8ae3d70 Thread added: 0x000001e7ef596fc0
Event: 5.444 Thread 0x000001e7e8ae3d70 Thread added: 0x000001e7ef598370
Event: 5.444 Thread 0x000001e7e8ae3d70 Thread added: 0x000001e7f1fcadc0
Event: 5.444 Thread 0x000001e7e8ae3d70 Thread added: 0x000001e7f1fcd520
Event: 5.444 Thread 0x000001e7e8ae3d70 Thread added: 0x000001e7f1fcb450
Event: 5.445 Thread 0x000001e7e8ae3d70 Thread added: 0x000001e7f1fcdbb0
Event: 5.445 Thread 0x000001e7e8ae3d70 Thread added: 0x000001e7f1fcc170
Event: 5.445 Thread 0x000001e7e8ae3d70 Thread added: 0x000001e7f1fca730
Event: 5.465 Thread 0x000001e7e8ae3d70 Thread added: 0x000001e7f1fcbae0
Event: 5.467 Thread 0x000001e7e8ae3d70 Thread added: 0x000001e7f1fcc800
Event: 5.488 Thread 0x000001e7e8ae3d70 Thread exited: 0x000001e7e8ae3d70
Event: 5.491 Thread 0x000001e7e8ae3050 Thread exited: 0x000001e7e8ae3050
Event: 5.491 Thread 0x000001e7c76a2d40 Thread exited: 0x000001e7c76a2d40
Event: 5.491 Thread 0x000001e7f1fcce90 Thread added: 0x000001e7f1fcce90
Event: 5.995 Thread 0x000001e7f1273ee0 Thread exited: 0x000001e7f1273ee0
Event: 5.999 Thread 0x000001e7ed1bfbe0 Thread exited: 0x000001e7ed1bfbe0
Event: 8.351 Thread 0x000001e7ef5941d0 Thread exited: 0x000001e7ef5941d0


Dynamic libraries:
0x00007ff753220000 - 0x00007ff75322e000 	C:\Users\Administrador\AppData\Roaming\Code\User\globalStorage\pleiades.java-extension-pack-jdk\java\21\bin\java.exe
0x00007ffa98d40000 - 0x00007ffa98fa7000 	C:\WINDOWS\SYSTEM32\ntdll.dll
0x00007ffa97900000 - 0x00007ffa979c9000 	C:\WINDOWS\System32\KERNEL32.DLL
0x00007ffa966d0000 - 0x00007ffa96ac0000 	C:\WINDOWS\System32\KERNELBASE.dll
0x00007ffa96390000 - 0x00007ffa964db000 	C:\WINDOWS\System32\ucrtbase.dll
0x00007ffa90150000 - 0x00007ffa9016e000 	C:\Users\Administrador\AppData\Roaming\Code\User\globalStorage\pleiades.java-extension-pack-jdk\java\21\bin\VCRUNTIME140.dll
0x00007ffa836a0000 - 0x00007ffa836b8000 	C:\Users\Administrador\AppData\Roaming\Code\User\globalStorage\pleiades.java-extension-pack-jdk\java\21\bin\jli.dll
0x00007ffa97a40000 - 0x00007ffa97c05000 	C:\WINDOWS\System32\USER32.dll
0x00007ffa961e0000 - 0x00007ffa96207000 	C:\WINDOWS\System32\win32u.dll
0x00007ffa82f50000 - 0x00007ffa831ea000 	C:\WINDOWS\WinSxS\amd64_microsoft.windows.common-controls_6595b64144ccf1df_6.0.26100.4768_none_3e0c112ce331287c\COMCTL32.dll
0x00007ffa96ad0000 - 0x00007ffa96b79000 	C:\WINDOWS\System32\msvcrt.dll
0x00007ffa96c60000 - 0x00007ffa96c8b000 	C:\WINDOWS\System32\GDI32.dll
0x00007ffa95ff0000 - 0x00007ffa96128000 	C:\WINDOWS\System32\gdi32full.dll
0x00007ffa96130000 - 0x00007ffa961d3000 	C:\WINDOWS\System32\msvcp_win.dll
0x00007ffa96ca0000 - 0x00007ffa96ccf000 	C:\WINDOWS\System32\IMM32.DLL
0x00007ffa90290000 - 0x00007ffa9029c000 	C:\Users\Administrador\AppData\Roaming\Code\User\globalStorage\pleiades.java-extension-pack-jdk\java\21\bin\vcruntime140_1.dll
0x00007ffa73390000 - 0x00007ffa7341d000 	C:\Users\Administrador\AppData\Roaming\Code\User\globalStorage\pleiades.java-extension-pack-jdk\java\21\bin\msvcp140.dll
0x00007ffa2a250000 - 0x00007ffa2afe7000 	C:\Users\Administrador\AppData\Roaming\Code\User\globalStorage\pleiades.java-extension-pack-jdk\java\21\bin\server\jvm.dll
0x00007ffa97360000 - 0x00007ffa97414000 	C:\WINDOWS\System32\ADVAPI32.dll
0x00007ffa98300000 - 0x00007ffa983a6000 	C:\WINDOWS\System32\sechost.dll
0x00007ffa975e0000 - 0x00007ffa976f8000 	C:\WINDOWS\System32\RPCRT4.dll
0x00007ffa96b80000 - 0x00007ffa96bf4000 	C:\WINDOWS\System32\WS2_32.dll
0x00007ffa8c370000 - 0x00007ffa8c3a5000 	C:\WINDOWS\SYSTEM32\WINMM.dll
0x00007ffa95cd0000 - 0x00007ffa95d2e000 	C:\WINDOWS\SYSTEM32\POWRPROF.dll
0x00007ffa8ede0000 - 0x00007ffa8edeb000 	C:\WINDOWS\SYSTEM32\VERSION.dll
0x00007ffa95cb0000 - 0x00007ffa95cc4000 	C:\WINDOWS\SYSTEM32\UMPDC.dll
0x00007ffa94bf0000 - 0x00007ffa94c0b000 	C:\WINDOWS\SYSTEM32\kernel.appcore.dll
0x00007ffa8fae0000 - 0x00007ffa8faea000 	C:\Users\Administrador\AppData\Roaming\Code\User\globalStorage\pleiades.java-extension-pack-jdk\java\21\bin\jimage.dll
0x00007ffa8bfc0000 - 0x00007ffa8c201000 	C:\WINDOWS\SYSTEM32\DBGHELP.DLL
0x00007ffa96de0000 - 0x00007ffa97165000 	C:\WINDOWS\System32\combase.dll
0x00007ffa97c10000 - 0x00007ffa97cf0000 	C:\WINDOWS\System32\OLEAUT32.dll
0x00007ffa8b680000 - 0x00007ffa8b6c3000 	C:\WINDOWS\SYSTEM32\dbgcore.DLL
0x00007ffa964e0000 - 0x00007ffa96579000 	C:\WINDOWS\System32\bcryptPrimitives.dll
0x00007ffa73820000 - 0x00007ffa7383f000 	C:\Users\Administrador\AppData\Roaming\Code\User\globalStorage\pleiades.java-extension-pack-jdk\java\21\bin\java.dll
0x00007ffa985b0000 - 0x00007ffa98cfd000 	C:\WINDOWS\System32\SHELL32.dll
0x00007ffa96210000 - 0x00007ffa96383000 	C:\WINDOWS\System32\wintypes.dll
0x00007ffa93a90000 - 0x00007ffa942f0000 	C:\WINDOWS\SYSTEM32\windows.storage.dll
0x00007ffa96ce0000 - 0x00007ffa96dd5000 	C:\WINDOWS\System32\SHCORE.dll
0x00007ffa98290000 - 0x00007ffa982fa000 	C:\WINDOWS\System32\shlwapi.dll
0x00007ffa95d90000 - 0x00007ffa95db9000 	C:\WINDOWS\SYSTEM32\profapi.dll
0x00007ffa5d540000 - 0x00007ffa5d617000 	C:\Users\Administrador\AppData\Roaming\Code\User\globalStorage\pleiades.java-extension-pack-jdk\java\21\bin\jsvml.dll
0x00007ffa8f960000 - 0x00007ffa8f970000 	C:\Users\Administrador\AppData\Roaming\Code\User\globalStorage\pleiades.java-extension-pack-jdk\java\21\bin\net.dll
0x00007ffa90020000 - 0x00007ffa9013e000 	C:\WINDOWS\SYSTEM32\WINHTTP.dll
0x00007ffa95180000 - 0x00007ffa951eb000 	C:\WINDOWS\system32\mswsock.dll
0x00007ffa73800000 - 0x00007ffa73816000 	C:\Users\Administrador\AppData\Roaming\Code\User\globalStorage\pleiades.java-extension-pack-jdk\java\21\bin\nio.dll
0x00007ffa73370000 - 0x00007ffa73388000 	C:\Users\Administrador\AppData\Roaming\Code\User\globalStorage\pleiades.java-extension-pack-jdk\java\21\bin\zip.dll
0x00007ffa8c260000 - 0x00007ffa8c26a000 	C:\Users\Administrador\AppData\Roaming\Code\User\globalStorage\pleiades.java-extension-pack-jdk\java\21\bin\management.dll
0x00007ffa8ba90000 - 0x00007ffa8ba9b000 	C:\Users\Administrador\AppData\Roaming\Code\User\globalStorage\pleiades.java-extension-pack-jdk\java\21\bin\management_ext.dll
0x00007ffa97780000 - 0x00007ffa97788000 	C:\WINDOWS\System32\PSAPI.DLL
0x00007ffa82f10000 - 0x00007ffa82f28000 	C:\WINDOWS\system32\napinsp.dll
0x00007ffa94690000 - 0x00007ffa947b6000 	C:\WINDOWS\SYSTEM32\DNSAPI.dll
0x00007ffa94600000 - 0x00007ffa94633000 	C:\WINDOWS\SYSTEM32\IPHLPAPI.DLL
0x00007ffa975d0000 - 0x00007ffa975da000 	C:\WINDOWS\System32\NSI.dll
0x00007ffa82f30000 - 0x00007ffa82f42000 	C:\WINDOWS\System32\winrnr.dll
0x00007ffa82da0000 - 0x00007ffa82dd0000 	C:\WINDOWS\system32\nlansp_c.dll
0x00007ffa82d70000 - 0x00007ffa82d90000 	C:\WINDOWS\system32\wshbth.dll
0x00007ffa8e7b0000 - 0x00007ffa8e7bb000 	C:\Windows\System32\rasadhlp.dll
0x00007ffa8ed50000 - 0x00007ffa8edd6000 	C:\WINDOWS\System32\fwpuclnt.dll
0x00007ffa95440000 - 0x00007ffa9545b000 	C:\WINDOWS\SYSTEM32\CRYPTSP.dll
0x00007ffa94b50000 - 0x00007ffa94b8b000 	C:\WINDOWS\system32\rsaenh.dll
0x00007ffa95220000 - 0x00007ffa9524b000 	C:\WINDOWS\SYSTEM32\USERENV.dll
0x00007ffa95d60000 - 0x00007ffa95d86000 	C:\WINDOWS\SYSTEM32\bcrypt.dll
0x00007ffa95460000 - 0x00007ffa9546c000 	C:\WINDOWS\SYSTEM32\CRYPTBASE.dll
0x00007ffa887f0000 - 0x00007ffa887f9000 	C:\Users\Administrador\AppData\Roaming\Code\User\globalStorage\pleiades.java-extension-pack-jdk\java\21\bin\extnet.dll
0x00007ffa88510000 - 0x00007ffa8851e000 	C:\Users\Administrador\AppData\Roaming\Code\User\globalStorage\pleiades.java-extension-pack-jdk\java\21\bin\sunmscapi.dll
0x00007ffa95e70000 - 0x00007ffa95fe7000 	C:\WINDOWS\System32\CRYPT32.dll
0x00007ffa95660000 - 0x00007ffa95690000 	C:\WINDOWS\SYSTEM32\ncrypt.dll
0x00007ffa95610000 - 0x00007ffa9564f000 	C:\WINDOWS\SYSTEM32\NTASN1.dll
0x00007ffa87720000 - 0x00007ffa87730000 	C:\Users\Administrador\AppData\Roaming\Code\User\globalStorage\pleiades.java-extension-pack-jdk\java\21\bin\verify.dll
0x00007ffa231f0000 - 0x00007ffa231f8000 	C:\WINDOWS\system32\wshunix.dll

JVMTI agents: none

dbghelp: loaded successfully - version: 4.0.5 - missing functions: none
symbol engine: initialized successfully - sym options: 0x614 - pdb path: .;C:\Users\Administrador\AppData\Roaming\Code\User\globalStorage\pleiades.java-extension-pack-jdk\java\21\bin;C:\WINDOWS\SYSTEM32;C:\WINDOWS\WinSxS\amd64_microsoft.windows.common-controls_6595b64144ccf1df_6.0.26100.4768_none_3e0c112ce331287c;C:\Users\Administrador\AppData\Roaming\Code\User\globalStorage\pleiades.java-extension-pack-jdk\java\21\bin\server

VM Arguments:
jvm_args: -Dcom.sun.management.jmxremote -Dcom.sun.management.jmxremote.port=64596 -Dcom.sun.management.jmxremote.authenticate=false -Dcom.sun.management.jmxremote.ssl=false -Dspring.jmx.enabled=true -Djava.rmi.server.hostname=localhost -Dspring.application.admin.enabled=true -Dspring.boot.project.name=pet -XX:+ShowCodeDetailsInExceptionMessages 
java_command: com.pethistory.pet.PetApplication
java_class_path (initial): C:\Users\Administrador\Desktop\Backpet\Back-end-Pet\pet\target\classes;C:\Users\Administrador\.m2\repository\org\springframework\boot\spring-boot-starter-data-jpa\3.5.5\spring-boot-starter-data-jpa-3.5.5.jar;C:\Users\Administrador\.m2\repository\org\springframework\boot\spring-boot-starter\3.5.5\spring-boot-starter-3.5.5.jar;C:\Users\Administrador\.m2\repository\org\springframework\boot\spring-boot-starter-logging\3.5.5\spring-boot-starter-logging-3.5.5.jar;C:\Users\Administrador\.m2\repository\ch\qos\logback\logback-classic\1.5.18\logback-classic-1.5.18.jar;C:\Users\Administrador\.m2\repository\ch\qos\logback\logback-core\1.5.18\logback-core-1.5.18.jar;C:\Users\Administrador\.m2\repository\org\apache\logging\log4j\log4j-to-slf4j\2.24.3\log4j-to-slf4j-2.24.3.jar;C:\Users\Administrador\.m2\repository\org\apache\logging\log4j\log4j-api\2.24.3\log4j-api-2.24.3.jar;C:\Users\Administrador\.m2\repository\org\slf4j\jul-to-slf4j\2.0.17\jul-to-slf4j-2.0.17.jar;C:\Users\Administrador\.m2\repository\jakarta\annotation\jakarta.annotation-api\2.1.1\jakarta.annotation-api-2.1.1.jar;C:\Users\Administrador\.m2\repository\org\yaml\snakeyaml\2.4\snakeyaml-2.4.jar;C:\Users\Administrador\.m2\repository\org\springframework\boot\spring-boot-starter-jdbc\3.5.5\spring-boot-starter-jdbc-3.5.5.jar;C:\Users\Administrador\.m2\repository\com\zaxxer\HikariCP\6.3.2\HikariCP-6.3.2.jar;C:\Users\Administrador\.m2\repository\org\springframework\spring-jdbc\6.2.10\spring-jdbc-6.2.10.jar;C:\Users\Administrador\.m2\repository\org\hibernate\orm\hibernate-core\6.6.26.Final\hibernate-core-6.6.26.Final.jar;C:\Users\Administrador\.m2\repository\jakarta\persistence\jakarta.persistence-api\3.1.0\jakarta.persistence-api-3.1.0.jar;C:\Users\Administrador\.m2\repository\jakarta\transaction\jakarta.transaction-api\2.0.1\jakarta.transaction-api-2.0.1.jar;C:\Users\Administrador\.m2\repository\org\jboss\logging\jboss-logging\3.6.1.Final\jboss-logging-3.6.1.Final.jar;C:\Users\Administrador\.m2\repository\org\hibernate\common\hibernate-commons-annotations\7.0.3.Final\hibernate-commons-annotations-7.0.3.Final.jar;C:\Users\Administrador\.m2\repository\io\smallrye\jandex\3.2.0\jandex-3.2.0.jar;C:\Users\Administrador\.m2\repository\com\fasterxml\classmate\1.7.0\classmate-1.7.0.jar;C:\Users\Administrador\.m2\repository\net\bytebuddy\byte-buddy\1.17.7\byte-buddy-1.17.7.jar;C:\Users\Administrador\.m2\repository\org\glassfish\jaxb\jaxb-runtime\4.0.5\jaxb-runtime-4.0.5.jar;C:\Users\Administrador\.m2\repository\org\glassfish\jaxb\jaxb-core\4.0.5\jaxb-core-4.0.5.jar;C:\Users\Administrador\.m2\repository\org\eclipse\angus\angus-activation\2.0.2\angus-activation-2.0.2.jar;C:\Users\Administrador\.m2\repository\org\glassfish\jaxb\txw2\4.0.5\txw2-4.0.5.jar;C:\Users\Administrador\.m2\repository\com\sun\istack\istack-commons-runtime\4.1.2\istack-commons-runtime-4.1.2.jar;C:\Users\Administrador\.m2\repository\jakarta\inject\jakarta.inject-api\2.0.1\jakarta.inject-api-2.0.1.jar;C:\Users\Administrador\.m2\repository\org\antlr\antlr4-runtime\4.13.0\antlr4-runtime-4.13.0.jar;C:\Users\Administrador\.m2\repository\org\springframework\data\spring-data-jpa\3.5.3\spring-data-jpa-3.5.3.jar;C:\Users\Administrador\.m2\repository\org\springframework\data\spring-data-commons\3.5.3\spring-data-commons-3.5.3.jar;C:\Users\Administrador\.m2\repository\org\springframework\spring-orm\6.2.10\spring-orm-6.2.10.jar;C:\Users\Administrador\.m2\repository\org\springframework\spring-context\6.2.10\spring-context-6.2.10.jar;C:\Users\Administrador\.m2\repository\org\springframework\spring-aop\6.2.10\spring-aop-6.2.10.jar;C:\Users\Administrador\.m2\repository\org\springframework\spring-tx\6.2.10\spring-tx-6.2.10.jar;C:\Users\Administrador\.m2\repository\org\springframework\spring-beans\6.2.10\spring-beans-6.2.10.jar;C:\Users\Administrador\.m2\repository\org\slf4j\slf4j-api\2.0.17\slf4j-api-2.0.17.jar;C:\Users\Administrador\.m2\repository\org\springframework\spring-aspects\6.2.10\spring-aspects-6.2.10.jar;C:\Users\Administrador\.m2\repository\org\aspectj\aspectjweaver\1.9.24\aspectjweaver-1.9.24.jar;C:\Users\Administrador\.m2\repository\org\springframework\boot\spring-boot-starter-web\3.5.5\spring-boot-starter-web-3.5.5.jar;C:\Users\Administrador\.m2\repository\org\springframework\boot\spring-boot-starter-json\3.5.5\spring-boot-starter-json-3.5.5.jar;C:\Users\Administrador\.m2\repository\com\fasterxml\jackson\core\jackson-databind\2.19.2\jackson-databind-2.19.2.jar;C:\Users\Administrador\.m2\repository\com\fasterxml\jackson\core\jackson-annotations\2.19.2\jackson-annotations-2.19.2.jar;C:\Users\Administrador\.m2\repository\com\fasterxml\jackson\core\jackson-core\2.19.2\jackson-core-2.19.2.jar;C:\Users\Administrador\.m2\repository\com\fasterxml\jackson\datatype\jackson-datatype-jdk8\2.19.2\jackson-datatype-jdk8-2.19.2.jar;C:\Users\Administrador\.m2\repository\com\fasterxml\jackson\datatype\jackson-datatype-jsr310\2.19.2\jackson-datatype-jsr310-2.19.2.jar;C:\Users\Administrador\.m2\repository\com\fasterxml\jackson\module\jackson-module-parameter-names\2.19.2\jackson-module-parameter-names-2.19.2.jar;C:\Users\Administrador\.m2\repository\org\springframework\boot\spring-boot-starter-tomcat\3.5.5\spring-boot-starter-tomcat-3.5.5.jar;C:\Users\Administrador\.m2\repository\org\apache\tomcat\embed\tomcat-embed-core\10.1.44\tomcat-embed-core-10.1.44.jar;C:\Users\Administrador\.m2\repository\org\apache\tomcat\embed\tomcat-embed-el\10.1.44\tomcat-embed-el-10.1.44.jar;C:\Users\Administrador\.m2\repository\org\apache\tomcat\embed\tomcat-embed-websocket\10.1.44\tomcat-embed-websocket-10.1.44.jar;C:\Users\Administrador\.m2\repository\org\springframework\spring-web\6.2.10\spring-web-6.2.10.jar;C:\Users\Administrador\.m2\repository\io\micrometer\micrometer-observation\1.15.3\micrometer-observation-1.15.3.jar;C:\Users\Administrador\.m2\repository\io\micrometer\micrometer-commons\1.15.3\micrometer-commons-1.15.3.jar;C:\Users\Administrador\.m2\repository\org\springframework\spring-webmvc\6.2.10\spring-webmvc-6.2.10.jar;C:\Users\Administrador\.m2\repository\org\springframework\spring-expression\6.2.10\spring-expression-6.2.10.jar;C:\Users\Administrador\.m2\repository\org\springframework\boot\spring-boot-devtools\3.5.5\spring-boot-devtools-3.5.5.jar;C:\Users\Administrador\.m2\repository\org\springframework\boot\spring-boot\3.5.5\spring-boot-3.5.5.jar;C:\Users\Administrador\.m2\repository\org\springframework\boot\spring-boot-autoconfigure\3.5.5\spring-boot-autoconfigure-3.5.5.jar;C:\Users\Administrador\.m2\repository\com\mysql\mysql-connector-j\9.4.0\mysql-connector-j-9.4.0.jar;C:\Users\Administrador\.m2\repository\org\projectlombok\lombok\1.18.38\lombok-1.18.38.jar;C:\Users\Administrador\.m2\repository\jakarta\xml\bind\jakarta.xml.bind-api\4.0.2\jakarta.xml.bind-api-4.0.2.jar;C:\Users\Administrador\.m2\repository\jakarta\activation\jakarta.activation-api\2.1.3\jakarta.activation-api-2.1.3.jar;C:\Users\Administrador\.m2\repository\org\springframework\spring-core\6.2.10\spring-core-6.2.10.jar;C:\Users\Administrador\.m2\repository\org\springframework\spring-jcl\6.2.10\spring-jcl-6.2.10.jar;C:\Users\Administrador\.m2\repository\jakarta\validation\jakarta.validation-api\3.0.2\jakarta.validation-api-3.0.2.jar
Launcher Type: SUN_STANDARD

[Global flags]
     intx CICompilerCount                          = 4                                         {product} {ergonomic}
     uint ConcGCThreads                            = 2                                         {product} {ergonomic}
     uint G1ConcRefinementThreads                  = 8                                         {product} {ergonomic}
   size_t G1HeapRegionSize                         = 2097152                                   {product} {ergonomic}
    uintx GCDrainStackTargetSize                   = 64                                        {product} {ergonomic}
   size_t InitialHeapSize                          = 249561088                                 {product} {ergonomic}
     bool ManagementServer                         = true                                      {product} {command line}
   size_t MarkStackSize                            = 4194304                                   {product} {ergonomic}
   size_t MaxHeapSize                              = 3988783104                                {product} {ergonomic}
   size_t MaxNewSize                               = 2392850432                                {product} {ergonomic}
   size_t MinHeapDeltaBytes                        = 2097152                                   {product} {ergonomic}
   size_t MinHeapSize                              = 8388608                                   {product} {ergonomic}
    uintx NonNMethodCodeHeapSize                   = 5839372                                {pd product} {ergonomic}
    uintx NonProfiledCodeHeapSize                  = 122909434                              {pd product} {ergonomic}
    uintx ProfiledCodeHeapSize                     = 122909434                              {pd product} {ergonomic}
    uintx ReservedCodeCacheSize                    = 251658240                              {pd product} {ergonomic}
     bool SegmentedCodeCache                       = true                                      {product} {ergonomic}
     bool ShowCodeDetailsInExceptionMessages       = true                                   {manageable} {command line}
   size_t SoftMaxHeapSize                          = 3988783104                             {manageable} {ergonomic}
     bool UseCompressedOops                        = true                           {product lp64_product} {ergonomic}
     bool UseG1GC                                  = true                                      {product} {ergonomic}
     bool UseLargePagesIndividualAllocation        = false                                  {pd product} {ergonomic}

Logging:
Log output configuration:
 #0: stdout all=warning uptime,level,tags foldmultilines=false
 #1: stderr all=off uptime,level,tags foldmultilines=false

Environment Variables:
JAVA_HOME=C:\Users\Administrador\AppData\Roaming\Code\User\globalStorage\pleiades.java-extension-pack-jdk\java\21
PATH=C:\Users\Administrador\AppData\Roaming\Code\User\globalStorage\pleiades.java-extension-pack-jdk\gradle\latest\bin;C:\Users\Administrador\AppData\Roaming\Code\User\globalStorage\pleiades.java-extension-pack-jdk\maven\latest\bin;C:\Users\Administrador\AppData\Roaming\Code\User\globalStorage\pleiades.java-extension-pack-jdk\java\21\bin;C:\Users\Administrador\bin;C:\Program Files\Git\mingw64\bin;C:\Program Files\Git\usr\local\bin;C:\Program Files\Git\usr\bin;C:\Program Files\Git\usr\bin;C:\Program Files\Git\mingw64\bin;C:\Program Files\Git\usr\bin;C:\Users\Administrador\bin;C:\Program Files\Common Files\Oracle\Java\javapath;C:\Program Files\MySQL\MySQL Server 8.2\bin;C:\Python312\Scripts;C:\Python312;C:\WINDOWS\system32;C:\WINDOWS;C:\WINDOWS\System32\Wbem;C:\WINDOWS\System32\WindowsPowerShell\v1.0;C:\WINDOWS\System32\OpenSSH;C:\ProgramData\chocolatey\bin;C:\Program Files (x86)\Microsoft SQL Server\150\Tools\Binn;C:\Program Files\Microsoft SQL Server\150\Tools\Binn;C:\Program Files (x86)\Microsoft SQL Server\150\DTS\Binn;C:\Program Files\Microsoft SQL Server\150\DTS\Binn;C:\Program Files\Microsoft SQL Server\Client SDK\ODBC\170\Tools\Binn;C:\Program Files\dotnet;C:\Program Files\nodejs;C:\Program Files\Git\cmd;C:\Program Files\MongoDB\Server\8.0\bin;C:\Program Files\MongoDB\mongosh-2.5.5-win32-x64\bin;C:\Users\Administrador\AppData\Local\Microsoft\WindowsApps;C:\Users\Administrador\AppData\Local\Programs\Microsoft VS Code\bin;C:\Program Files\Git\usr\bin\vendor_perl;C:\Program Files\Git\usr\bin\core_perl
USERNAME=Administrador
SHELL=C:\Program Files\Git\usr\bin\bash.exe
DISPLAY=needs-to-be-defined
LANG=es_ES.UTF-8
LC_CTYPE=es_ES.UTF-8
TERM=xterm
TMPDIR=C:\Users\ADMINI~1\AppData\Local\Temp
OS=Windows_NT
PROCESSOR_IDENTIFIER=Intel64 Family 6 Model 158 Stepping 13, GenuineIntel
TMP=C:\Users\ADMINI~1\AppData\Local\Temp
TEMP=C:\Users\ADMINI~1\AppData\Local\Temp




Periodic native trim disabled

---------------  S Y S T E M  ---------------

OS:
 Windows 11 , 64 bit Build 26100 (10.0.26100.4768)
OS uptime: 19 days 15:56 hours

CPU: total 8 (initial active 8) (8 cores per cpu, 1 threads per core) family 6 model 158 stepping 13 microcode 0x104, cx8, cmov, fxsr, mmx, 3dnowpref, sse, sse2, sse3, ssse3, sse4.1, sse4.2, popcnt, lzcnt, tsc, tscinvbit, avx, avx2, aes, erms, clmul, bmi1, bmi2, adx, fma, vzeroupper, clflush, clflushopt, rdtscp, f16c
Processor Information for the first 8 processors :
  Max Mhz: 3000, Current Mhz: 3000, Mhz Limit: 3000

Memory: 4k page, system-wide physical 15211M (3936M free)
TotalPageFile size 62315M (AvailPageFile size 0M)
current process WorkingSet (physical memory assigned to process): 273M, peak: 309M
current process commit charge ("private bytes"): 309M, peak: 406M

vm_info: OpenJDK 64-Bit Server VM (21.0.8+9-LTS) for windows-amd64 JRE (21.0.8+9-LTS), built on 2025-07-15T00:00:00Z by "admin" with MS VC++ 17.7 (VS2022)

END.
